<?xml version="1.0" encoding="UTF-8"?>
<!-- Generated by org.testng.reporters.JUnitReportReporter -->
<testsuite hostname="DESKTOP-68BCR7S" failures="0" tests="3" name="com.sgtesting.users.Users" time="0.009" errors="0" timestamp="2023-05-01T16:10:07 IST" skipped="0">
  <testcase classname="com.sgtesting.users.Users" name="modifyUser" time="0.001"/>
  <system-out/>
  <testcase classname="com.sgtesting.users.Users" name="createUser" time="0.006"/>
  <system-out/>
  <testcase classname="com.sgtesting.users.Users" name="deleteUser" time="0.002"/>
  <system-out/>
</testsuite> <!-- com.sgtesting.users.Users -->
