<?xml version="1.0" encoding="UTF-8"?>
<!-- Generated by org.testng.reporters.JUnitReportReporter -->
<testsuite hostname="DESKTOP-68BCR7S" failures="0" tests="2" name="com.sgtesting.tests.SampleTestcases" time="0.012" errors="0" timestamp="2023-05-08T17:34:05 IST" skipped="0">
  <testcase classname="com.sgtesting.tests.SampleTestcases" name="method1" time="0.011"/>
  <system-out/>
  <testcase classname="com.sgtesting.tests.SampleTestcases" name="method2" time="0.001"/>
  <system-out/>
</testsuite> <!-- com.sgtesting.tests.SampleTestcases -->
